mode: set
github.com/Oleja123/code-vizualization/cst-to-ast-service/internal/converter/converter.go:21.34,28.2 3 1
github.com/Oleja123/code-vizualization/cst-to-ast-service/internal/converter/converter.go:31.69,33.16 2 1
github.com/Oleja123/code-vizualization/cst-to-ast-service/internal/converter/converter.go:33.16,35.3 1 0
github.com/Oleja123/code-vizualization/cst-to-ast-service/internal/converter/converter.go:36.2,36.18 1 1
github.com/Oleja123/code-vizualization/cst-to-ast-service/internal/converter/converter.go:40.102,50.50 3 1
github.com/Oleja123/code-vizualization/cst-to-ast-service/internal/converter/converter.go:50.50,54.32 2 1
github.com/Oleja123/code-vizualization/cst-to-ast-service/internal/converter/converter.go:54.32,55.12 1 1
github.com/Oleja123/code-vizualization/cst-to-ast-service/internal/converter/converter.go:58.3,59.17 2 1
github.com/Oleja123/code-vizualization/cst-to-ast-service/internal/converter/converter.go:59.17,61.4 1 1
github.com/Oleja123/code-vizualization/cst-to-ast-service/internal/converter/converter.go:63.3,63.18 1 1
github.com/Oleja123/code-vizualization/cst-to-ast-service/internal/converter/converter.go:63.18,65.4 1 1
github.com/Oleja123/code-vizualization/cst-to-ast-service/internal/converter/converter.go:68.2,68.21 1 1
github.com/Oleja123/code-vizualization/cst-to-ast-service/internal/converter/converter.go:72.97,73.17 1 1
github.com/Oleja123/code-vizualization/cst-to-ast-service/internal/converter/converter.go:73.17,75.3 1 0
github.com/Oleja123/code-vizualization/cst-to-ast-service/internal/converter/converter.go:78.2,78.32 1 1
github.com/Oleja123/code-vizualization/cst-to-ast-service/internal/converter/converter.go:78.32,81.3 2 1
github.com/Oleja123/code-vizualization/cst-to-ast-service/internal/converter/converter.go:83.2,85.18 2 1
github.com/Oleja123/code-vizualization/cst-to-ast-service/internal/converter/converter.go:86.21,87.48 1 1
github.com/Oleja123/code-vizualization/cst-to-ast-service/internal/converter/converter.go:88.29,89.55 1 1
github.com/Oleja123/code-vizualization/cst-to-ast-service/internal/converter/converter.go:90.22,91.48 1 1
github.com/Oleja123/code-vizualization/cst-to-ast-service/internal/converter/converter.go:92.25,93.51 1 1
github.com/Oleja123/code-vizualization/cst-to-ast-service/internal/converter/converter.go:94.23,95.49 1 1
github.com/Oleja123/code-vizualization/cst-to-ast-service/internal/converter/converter.go:96.26,97.52 1 1
github.com/Oleja123/code-vizualization/cst-to-ast-service/internal/converter/converter.go:98.28,99.51 1 1
github.com/Oleja123/code-vizualization/cst-to-ast-service/internal/converter/converter.go:100.30,101.56 1 1
github.com/Oleja123/code-vizualization/cst-to-ast-service/internal/converter/converter.go:102.25,103.78 1 1
github.com/Oleja123/code-vizualization/cst-to-ast-service/internal/converter/converter.go:104.28,105.84 1 1
github.com/Oleja123/code-vizualization/cst-to-ast-service/internal/converter/converter.go:106.17,108.18 1 1
github.com/Oleja123/code-vizualization/cst-to-ast-service/internal/converter/converter.go:109.10,110.120 1 1
github.com/Oleja123/code-vizualization/cst-to-ast-service/internal/converter/converter.go:115.97,116.17 1 1
github.com/Oleja123/code-vizualization/cst-to-ast-service/internal/converter/converter.go:116.17,118.3 1 0
github.com/Oleja123/code-vizualization/cst-to-ast-service/internal/converter/converter.go:121.2,121.32 1 1
github.com/Oleja123/code-vizualization/cst-to-ast-service/internal/converter/converter.go:121.32,124.3 2 0
github.com/Oleja123/code-vizualization/cst-to-ast-service/internal/converter/converter.go:126.2,128.18 2 1
github.com/Oleja123/code-vizualization/cst-to-ast-service/internal/converter/converter.go:129.20,130.47 1 1
github.com/Oleja123/code-vizualization/cst-to-ast-service/internal/converter/converter.go:131.24,132.47 1 1
github.com/Oleja123/code-vizualization/cst-to-ast-service/internal/converter/converter.go:133.27,134.53 1 1
github.com/Oleja123/code-vizualization/cst-to-ast-service/internal/converter/converter.go:135.26,136.52 1 1
github.com/Oleja123/code-vizualization/cst-to-ast-service/internal/converter/converter.go:137.27,138.52 1 1
github.com/Oleja123/code-vizualization/cst-to-ast-service/internal/converter/converter.go:139.31,140.57 1 1
github.com/Oleja123/code-vizualization/cst-to-ast-service/internal/converter/converter.go:141.25,142.51 1 1
github.com/Oleja123/code-vizualization/cst-to-ast-service/internal/converter/converter.go:143.30,144.58 1 1
github.com/Oleja123/code-vizualization/cst-to-ast-service/internal/converter/converter.go:145.26,146.56 1 1
github.com/Oleja123/code-vizualization/cst-to-ast-service/internal/converter/converter.go:147.28,148.52 1 1
github.com/Oleja123/code-vizualization/cst-to-ast-service/internal/converter/converter.go:149.34,151.47 1 1
github.com/Oleja123/code-vizualization/cst-to-ast-service/internal/converter/converter.go:151.47,153.79 2 1
github.com/Oleja123/code-vizualization/cst-to-ast-service/internal/converter/converter.go:153.79,155.5 1 1
github.com/Oleja123/code-vizualization/cst-to-ast-service/internal/converter/converter.go:157.3,157.104 1 0
github.com/Oleja123/code-vizualization/cst-to-ast-service/internal/converter/converter.go:158.17,160.103 1 0
github.com/Oleja123/code-vizualization/cst-to-ast-service/internal/converter/converter.go:161.10,162.121 1 1
github.com/Oleja123/code-vizualization/cst-to-ast-service/internal/converter/converter.go:170.65,171.17 1 1
github.com/Oleja123/code-vizualization/cst-to-ast-service/internal/converter/converter.go:171.17,173.3 1 0
github.com/Oleja123/code-vizualization/cst-to-ast-service/internal/converter/converter.go:174.2,174.44 1 1
github.com/Oleja123/code-vizualization/cst-to-ast-service/internal/converter/converter.go:179.93,180.17 1 1
github.com/Oleja123/code-vizualization/cst-to-ast-service/internal/converter/converter.go:180.17,182.3 1 0
github.com/Oleja123/code-vizualization/cst-to-ast-service/internal/converter/converter.go:185.2,185.28 1 1
github.com/Oleja123/code-vizualization/cst-to-ast-service/internal/converter/converter.go:185.28,190.3 3 0
github.com/Oleja123/code-vizualization/cst-to-ast-service/internal/converter/converter.go:193.2,194.22 2 1
github.com/Oleja123/code-vizualization/cst-to-ast-service/internal/converter/converter.go:194.22,199.3 3 1
github.com/Oleja123/code-vizualization/cst-to-ast-service/internal/converter/converter.go:202.2,203.24 2 1
github.com/Oleja123/code-vizualization/cst-to-ast-service/internal/converter/converter.go:203.24,207.3 2 1
github.com/Oleja123/code-vizualization/cst-to-ast-service/internal/converter/converter.go:210.2,210.68 1 0
github.com/Oleja123/code-vizualization/cst-to-ast-service/internal/converter/converter.go:214.86,216.34 2 1
github.com/Oleja123/code-vizualization/cst-to-ast-service/internal/converter/converter.go:216.34,218.3 1 0
github.com/Oleja123/code-vizualization/cst-to-ast-service/internal/converter/converter.go:220.2,221.36 2 1
github.com/Oleja123/code-vizualization/cst-to-ast-service/internal/converter/converter.go:221.36,223.3 1 0
github.com/Oleja123/code-vizualization/cst-to-ast-service/internal/converter/converter.go:225.2,225.22 1 1
github.com/Oleja123/code-vizualization/cst-to-ast-service/internal/converter/converter.go:225.22,227.3 1 0
github.com/Oleja123/code-vizualization/cst-to-ast-service/internal/converter/converter.go:229.2,230.18 2 1
github.com/Oleja123/code-vizualization/cst-to-ast-service/internal/converter/converter.go:230.18,232.3 1 0
github.com/Oleja123/code-vizualization/cst-to-ast-service/internal/converter/converter.go:233.2,233.17 1 1
github.com/Oleja123/code-vizualization/cst-to-ast-service/internal/converter/converter.go:233.17,235.3 1 0
github.com/Oleja123/code-vizualization/cst-to-ast-service/internal/converter/converter.go:236.2,236.21 1 1
github.com/Oleja123/code-vizualization/cst-to-ast-service/internal/converter/converter.go:240.68,241.17 1 1
github.com/Oleja123/code-vizualization/cst-to-ast-service/internal/converter/converter.go:241.17,243.3 1 0
github.com/Oleja123/code-vizualization/cst-to-ast-service/internal/converter/converter.go:245.2,245.28 1 1
github.com/Oleja123/code-vizualization/cst-to-ast-service/internal/converter/converter.go:245.28,247.3 1 1
github.com/Oleja123/code-vizualization/cst-to-ast-service/internal/converter/converter.go:249.2,249.46 1 1
github.com/Oleja123/code-vizualization/cst-to-ast-service/internal/converter/converter.go:249.46,250.60 1 1
github.com/Oleja123/code-vizualization/cst-to-ast-service/internal/converter/converter.go:250.60,252.4 1 1
github.com/Oleja123/code-vizualization/cst-to-ast-service/internal/converter/converter.go:255.2,255.12 1 1
github.com/Oleja123/code-vizualization/cst-to-ast-service/internal/converter/converter.go:259.70,260.17 1 1
github.com/Oleja123/code-vizualization/cst-to-ast-service/internal/converter/converter.go:260.17,262.3 1 0
github.com/Oleja123/code-vizualization/cst-to-ast-service/internal/converter/converter.go:264.2,264.22 1 1
github.com/Oleja123/code-vizualization/cst-to-ast-service/internal/converter/converter.go:264.22,266.3 1 1
github.com/Oleja123/code-vizualization/cst-to-ast-service/internal/converter/converter.go:268.2,268.46 1 1
github.com/Oleja123/code-vizualization/cst-to-ast-service/internal/converter/converter.go:268.46,269.62 1 1
github.com/Oleja123/code-vizualization/cst-to-ast-service/internal/converter/converter.go:269.62,271.4 1 1
github.com/Oleja123/code-vizualization/cst-to-ast-service/internal/converter/converter.go:274.2,274.12 1 1
github.com/Oleja123/code-vizualization/cst-to-ast-service/internal/converter/converter.go:277.70,287.2 3 1
github.com/Oleja123/code-vizualization/cst-to-ast-service/internal/converter/converter.go:289.79,291.2 1 1
github.com/Oleja123/code-vizualization/cst-to-ast-service/internal/converter/converter.go:295.104,302.46 4 1
github.com/Oleja123/code-vizualization/cst-to-ast-service/internal/converter/converter.go:302.46,304.23 2 1
github.com/Oleja123/code-vizualization/cst-to-ast-service/internal/converter/converter.go:305.44,306.20 1 1
github.com/Oleja123/code-vizualization/cst-to-ast-service/internal/converter/converter.go:307.26,309.49 1 1
github.com/Oleja123/code-vizualization/cst-to-ast-service/internal/converter/converter.go:309.49,312.44 2 1
github.com/Oleja123/code-vizualization/cst-to-ast-service/internal/converter/converter.go:312.44,314.6 1 1
github.com/Oleja123/code-vizualization/cst-to-ast-service/internal/converter/converter.go:314.11,314.38 1 1
github.com/Oleja123/code-vizualization/cst-to-ast-service/internal/converter/converter.go:314.38,316.6 1 1
github.com/Oleja123/code-vizualization/cst-to-ast-service/internal/converter/converter.go:318.63,319.26 1 1
github.com/Oleja123/code-vizualization/cst-to-ast-service/internal/converter/converter.go:323.2,323.46 1 1
github.com/Oleja123/code-vizualization/cst-to-ast-service/internal/converter/converter.go:323.46,325.3 1 0
github.com/Oleja123/code-vizualization/cst-to-ast-service/internal/converter/converter.go:327.2,331.19 3 1
github.com/Oleja123/code-vizualization/cst-to-ast-service/internal/converter/converter.go:331.19,333.3 1 0
github.com/Oleja123/code-vizualization/cst-to-ast-service/internal/converter/converter.go:335.2,337.21 3 1
github.com/Oleja123/code-vizualization/cst-to-ast-service/internal/converter/converter.go:337.21,339.17 2 1
github.com/Oleja123/code-vizualization/cst-to-ast-service/internal/converter/converter.go:339.17,341.4 1 1
github.com/Oleja123/code-vizualization/cst-to-ast-service/internal/converter/converter.go:344.2,350.8 1 1
github.com/Oleja123/code-vizualization/cst-to-ast-service/internal/converter/converter.go:353.99,362.21 3 1
github.com/Oleja123/code-vizualization/cst-to-ast-service/internal/converter/converter.go:363.20,364.41 1 1
github.com/Oleja123/code-vizualization/cst-to-ast-service/internal/converter/converter.go:366.28,369.46 2 1
github.com/Oleja123/code-vizualization/cst-to-ast-service/internal/converter/converter.go:369.46,372.51 2 1
github.com/Oleja123/code-vizualization/cst-to-ast-service/internal/converter/converter.go:372.51,374.28 2 1
github.com/Oleja123/code-vizualization/cst-to-ast-service/internal/converter/converter.go:374.28,376.11 2 1
github.com/Oleja123/code-vizualization/cst-to-ast-service/internal/converter/converter.go:381.3,381.37 1 1
github.com/Oleja123/code-vizualization/cst-to-ast-service/internal/converter/converter.go:381.37,383.4 1 1
github.com/Oleja123/code-vizualization/cst-to-ast-service/internal/converter/converter.go:383.9,383.50 1 1
github.com/Oleja123/code-vizualization/cst-to-ast-service/internal/converter/converter.go:383.50,387.51 2 1
github.com/Oleja123/code-vizualization/cst-to-ast-service/internal/converter/converter.go:387.51,389.41 2 1
github.com/Oleja123/code-vizualization/cst-to-ast-service/internal/converter/converter.go:389.41,391.56 2 1
github.com/Oleja123/code-vizualization/cst-to-ast-service/internal/converter/converter.go:391.56,393.7 1 1
github.com/Oleja123/code-vizualization/cst-to-ast-service/internal/converter/converter.go:398.26,400.47 1 1
github.com/Oleja123/code-vizualization/cst-to-ast-service/internal/converter/converter.go:400.47,402.36 2 1
github.com/Oleja123/code-vizualization/cst-to-ast-service/internal/converter/converter.go:402.36,404.5 1 1
github.com/Oleja123/code-vizualization/cst-to-ast-service/internal/converter/converter.go:404.10,404.47 1 1
github.com/Oleja123/code-vizualization/cst-to-ast-service/internal/converter/converter.go:404.47,406.55 2 1
github.com/Oleja123/code-vizualization/cst-to-ast-service/internal/converter/converter.go:406.55,408.6 1 1
github.com/Oleja123/code-vizualization/cst-to-ast-service/internal/converter/converter.go:413.2,413.22 1 1
github.com/Oleja123/code-vizualization/cst-to-ast-service/internal/converter/converter.go:416.111,423.46 6 1
github.com/Oleja123/code-vizualization/cst-to-ast-service/internal/converter/converter.go:423.46,426.23 2 1
github.com/Oleja123/code-vizualization/cst-to-ast-service/internal/converter/converter.go:427.44,429.47 2 1
github.com/Oleja123/code-vizualization/cst-to-ast-service/internal/converter/converter.go:429.47,431.5 1 1
github.com/Oleja123/code-vizualization/cst-to-ast-service/internal/converter/converter.go:432.4,436.5 1 1
github.com/Oleja123/code-vizualization/cst-to-ast-service/internal/converter/converter.go:438.30,439.49 1 1
github.com/Oleja123/code-vizualization/cst-to-ast-service/internal/converter/converter.go:439.49,441.40 2 1
github.com/Oleja123/code-vizualization/cst-to-ast-service/internal/converter/converter.go:441.40,443.6 1 1
github.com/Oleja123/code-vizualization/cst-to-ast-service/internal/converter/converter.go:443.11,443.51 1 1
github.com/Oleja123/code-vizualization/cst-to-ast-service/internal/converter/converter.go:443.51,445.6 1 1
github.com/Oleja123/code-vizualization/cst-to-ast-service/internal/converter/converter.go:448.29,450.18 2 1
github.com/Oleja123/code-vizualization/cst-to-ast-service/internal/converter/converter.go:450.18,452.5 1 1
github.com/Oleja123/code-vizualization/cst-to-ast-service/internal/converter/converter.go:453.4,453.27 1 1
github.com/Oleja123/code-vizualization/cst-to-ast-service/internal/converter/converter.go:453.27,455.5 1 1
github.com/Oleja123/code-vizualization/cst-to-ast-service/internal/converter/converter.go:456.4,456.35 1 1
github.com/Oleja123/code-vizualization/cst-to-ast-service/internal/converter/converter.go:458.29,460.18 2 1
github.com/Oleja123/code-vizualization/cst-to-ast-service/internal/converter/converter.go:460.18,462.5 1 1
github.com/Oleja123/code-vizualization/cst-to-ast-service/internal/converter/converter.go:463.4,463.41 1 1
github.com/Oleja123/code-vizualization/cst-to-ast-service/internal/converter/converter.go:467.2,467.26 1 1
github.com/Oleja123/code-vizualization/cst-to-ast-service/internal/converter/converter.go:467.26,469.3 1 1
github.com/Oleja123/code-vizualization/cst-to-ast-service/internal/converter/converter.go:471.2,478.8 1 1
github.com/Oleja123/code-vizualization/cst-to-ast-service/internal/converter/converter.go:481.119,487.45 5 1
github.com/Oleja123/code-vizualization/cst-to-ast-service/internal/converter/converter.go:487.45,489.50 2 1
github.com/Oleja123/code-vizualization/cst-to-ast-service/internal/converter/converter.go:489.50,491.27 2 1
github.com/Oleja123/code-vizualization/cst-to-ast-service/internal/converter/converter.go:491.27,493.10 2 1
github.com/Oleja123/code-vizualization/cst-to-ast-service/internal/converter/converter.go:498.2,498.45 1 1
github.com/Oleja123/code-vizualization/cst-to-ast-service/internal/converter/converter.go:498.45,499.50 1 1
github.com/Oleja123/code-vizualization/cst-to-ast-service/internal/converter/converter.go:499.50,501.36 2 1
github.com/Oleja123/code-vizualization/cst-to-ast-service/internal/converter/converter.go:501.36,503.5 1 1
github.com/Oleja123/code-vizualization/cst-to-ast-service/internal/converter/converter.go:503.10,503.47 1 1
github.com/Oleja123/code-vizualization/cst-to-ast-service/internal/converter/converter.go:503.47,505.5 1 1
github.com/Oleja123/code-vizualization/cst-to-ast-service/internal/converter/converter.go:507.8,507.43 1 0
github.com/Oleja123/code-vizualization/cst-to-ast-service/internal/converter/converter.go:507.43,509.3 1 0
github.com/Oleja123/code-vizualization/cst-to-ast-service/internal/converter/converter.go:511.2,511.35 1 1
github.com/Oleja123/code-vizualization/cst-to-ast-service/internal/converter/converter.go:514.99,517.46 2 1
github.com/Oleja123/code-vizualization/cst-to-ast-service/internal/converter/converter.go:517.46,520.46 2 1
github.com/Oleja123/code-vizualization/cst-to-ast-service/internal/converter/converter.go:520.46,524.49 3 1
github.com/Oleja123/code-vizualization/cst-to-ast-service/internal/converter/converter.go:524.49,527.84 2 1
github.com/Oleja123/code-vizualization/cst-to-ast-service/internal/converter/converter.go:527.84,529.6 1 1
github.com/Oleja123/code-vizualization/cst-to-ast-service/internal/converter/converter.go:529.11,530.44 1 1
github.com/Oleja123/code-vizualization/cst-to-ast-service/internal/converter/converter.go:530.44,532.6 1 1
github.com/Oleja123/code-vizualization/cst-to-ast-service/internal/converter/converter.go:535.4,539.6 1 1
github.com/Oleja123/code-vizualization/cst-to-ast-service/internal/converter/converter.go:543.2,543.15 1 1
github.com/Oleja123/code-vizualization/cst-to-ast-service/internal/converter/converter.go:546.104,559.46 5 1
github.com/Oleja123/code-vizualization/cst-to-ast-service/internal/converter/converter.go:559.46,563.20 3 1
github.com/Oleja123/code-vizualization/cst-to-ast-service/internal/converter/converter.go:564.35,566.50 1 1
github.com/Oleja123/code-vizualization/cst-to-ast-service/internal/converter/converter.go:566.50,568.19 2 1
github.com/Oleja123/code-vizualization/cst-to-ast-service/internal/converter/converter.go:568.19,570.6 1 0
github.com/Oleja123/code-vizualization/cst-to-ast-service/internal/converter/converter.go:571.5,571.25 1 1
github.com/Oleja123/code-vizualization/cst-to-ast-service/internal/converter/converter.go:575.39,577.44 1 1
github.com/Oleja123/code-vizualization/cst-to-ast-service/internal/converter/converter.go:577.44,579.19 2 1
github.com/Oleja123/code-vizualization/cst-to-ast-service/internal/converter/converter.go:579.19,581.6 1 0
github.com/Oleja123/code-vizualization/cst-to-ast-service/internal/converter/converter.go:582.5,582.21 1 1
github.com/Oleja123/code-vizualization/cst-to-ast-service/internal/converter/converter.go:585.22,587.67 1 1
github.com/Oleja123/code-vizualization/cst-to-ast-service/internal/converter/converter.go:589.13,589.13 0 1
github.com/Oleja123/code-vizualization/cst-to-ast-service/internal/converter/converter.go:594.2,601.8 1 1
github.com/Oleja123/code-vizualization/cst-to-ast-service/internal/converter/converter.go:608.148,609.46 1 1
github.com/Oleja123/code-vizualization/cst-to-ast-service/internal/converter/converter.go:609.46,612.23 2 1
github.com/Oleja123/code-vizualization/cst-to-ast-service/internal/converter/converter.go:613.23,616.18 2 1
github.com/Oleja123/code-vizualization/cst-to-ast-service/internal/converter/converter.go:616.18,618.5 1 0
github.com/Oleja123/code-vizualization/cst-to-ast-service/internal/converter/converter.go:620.4,633.35 4 1
github.com/Oleja123/code-vizualization/cst-to-ast-service/internal/converter/converter.go:635.73,638.18 2 1
github.com/Oleja123/code-vizualization/cst-to-ast-service/internal/converter/converter.go:638.18,640.5 1 0
github.com/Oleja123/code-vizualization/cst-to-ast-service/internal/converter/converter.go:641.4,641.21 1 1
github.com/Oleja123/code-vizualization/cst-to-ast-service/internal/converter/converter.go:643.15,643.15 0 1
github.com/Oleja123/code-vizualization/cst-to-ast-service/internal/converter/converter.go:647.2,647.12 1 1
github.com/Oleja123/code-vizualization/cst-to-ast-service/internal/converter/converter.go:650.107,654.46 3 1
github.com/Oleja123/code-vizualization/cst-to-ast-service/internal/converter/converter.go:654.46,657.23 2 1
github.com/Oleja123/code-vizualization/cst-to-ast-service/internal/converter/converter.go:658.35,659.30 1 1
github.com/Oleja123/code-vizualization/cst-to-ast-service/internal/converter/converter.go:659.30,661.19 2 1
github.com/Oleja123/code-vizualization/cst-to-ast-service/internal/converter/converter.go:661.19,663.6 1 0
github.com/Oleja123/code-vizualization/cst-to-ast-service/internal/converter/converter.go:664.5,664.25 1 1
github.com/Oleja123/code-vizualization/cst-to-ast-service/internal/converter/converter.go:667.53,669.18 2 1
github.com/Oleja123/code-vizualization/cst-to-ast-service/internal/converter/converter.go:669.18,671.5 1 0
github.com/Oleja123/code-vizualization/cst-to-ast-service/internal/converter/converter.go:672.4,672.15 1 1
github.com/Oleja123/code-vizualization/cst-to-ast-service/internal/converter/converter.go:676.2,681.8 1 1
github.com/Oleja123/code-vizualization/cst-to-ast-service/internal/converter/converter.go:684.105,691.46 6 1
github.com/Oleja123/code-vizualization/cst-to-ast-service/internal/converter/converter.go:691.46,694.18 3 1
github.com/Oleja123/code-vizualization/cst-to-ast-service/internal/converter/converter.go:694.18,696.4 1 1
github.com/Oleja123/code-vizualization/cst-to-ast-service/internal/converter/converter.go:698.3,698.16 1 1
github.com/Oleja123/code-vizualization/cst-to-ast-service/internal/converter/converter.go:699.22,701.18 2 1
github.com/Oleja123/code-vizualization/cst-to-ast-service/internal/converter/converter.go:701.18,703.5 1 0
github.com/Oleja123/code-vizualization/cst-to-ast-service/internal/converter/converter.go:704.4,704.15 1 1
github.com/Oleja123/code-vizualization/cst-to-ast-service/internal/converter/converter.go:705.20,707.18 2 1
github.com/Oleja123/code-vizualization/cst-to-ast-service/internal/converter/converter.go:707.18,709.5 1 0
github.com/Oleja123/code-vizualization/cst-to-ast-service/internal/converter/converter.go:710.4,710.20 1 1
github.com/Oleja123/code-vizualization/cst-to-ast-service/internal/converter/converter.go:711.17,713.18 2 1
github.com/Oleja123/code-vizualization/cst-to-ast-service/internal/converter/converter.go:713.18,715.5 1 0
github.com/Oleja123/code-vizualization/cst-to-ast-service/internal/converter/converter.go:716.4,720.5 1 1
github.com/Oleja123/code-vizualization/cst-to-ast-service/internal/converter/converter.go:721.15,723.18 2 1
github.com/Oleja123/code-vizualization/cst-to-ast-service/internal/converter/converter.go:723.18,725.5 1 0
github.com/Oleja123/code-vizualization/cst-to-ast-service/internal/converter/converter.go:726.4,726.15 1 1
github.com/Oleja123/code-vizualization/cst-to-ast-service/internal/converter/converter.go:730.2,730.16 1 1
github.com/Oleja123/code-vizualization/cst-to-ast-service/internal/converter/converter.go:730.16,739.3 1 1
github.com/Oleja123/code-vizualization/cst-to-ast-service/internal/converter/converter.go:741.2,742.46 2 0
github.com/Oleja123/code-vizualization/cst-to-ast-service/internal/converter/converter.go:742.46,745.26 2 0
github.com/Oleja123/code-vizualization/cst-to-ast-service/internal/converter/converter.go:745.26,746.12 1 0
github.com/Oleja123/code-vizualization/cst-to-ast-service/internal/converter/converter.go:748.3,748.26 1 0
github.com/Oleja123/code-vizualization/cst-to-ast-service/internal/converter/converter.go:748.26,749.9 1 0
github.com/Oleja123/code-vizualization/cst-to-ast-service/internal/converter/converter.go:751.3,751.26 1 0
github.com/Oleja123/code-vizualization/cst-to-ast-service/internal/converter/converter.go:751.26,753.12 2 0
github.com/Oleja123/code-vizualization/cst-to-ast-service/internal/converter/converter.go:756.3,756.32 1 0
github.com/Oleja123/code-vizualization/cst-to-ast-service/internal/converter/converter.go:756.32,757.12 1 0
github.com/Oleja123/code-vizualization/cst-to-ast-service/internal/converter/converter.go:760.3,760.23 1 0
github.com/Oleja123/code-vizualization/cst-to-ast-service/internal/converter/converter.go:761.22,763.18 2 0
github.com/Oleja123/code-vizualization/cst-to-ast-service/internal/converter/converter.go:763.18,765.5 1 0
github.com/Oleja123/code-vizualization/cst-to-ast-service/internal/converter/converter.go:766.4,766.15 1 0
github.com/Oleja123/code-vizualization/cst-to-ast-service/internal/converter/converter.go:768.31,769.22 1 0
github.com/Oleja123/code-vizualization/cst-to-ast-service/internal/converter/converter.go:769.22,771.19 2 0
github.com/Oleja123/code-vizualization/cst-to-ast-service/internal/converter/converter.go:771.19,773.6 1 0
github.com/Oleja123/code-vizualization/cst-to-ast-service/internal/converter/converter.go:774.5,774.16 1 0
github.com/Oleja123/code-vizualization/cst-to-ast-service/internal/converter/converter.go:777.29,779.18 2 0
github.com/Oleja123/code-vizualization/cst-to-ast-service/internal/converter/converter.go:779.18,781.5 1 0
github.com/Oleja123/code-vizualization/cst-to-ast-service/internal/converter/converter.go:782.4,782.15 1 0
github.com/Oleja123/code-vizualization/cst-to-ast-service/internal/converter/converter.go:784.11,785.21 1 0
github.com/Oleja123/code-vizualization/cst-to-ast-service/internal/converter/converter.go:786.11,789.19 2 0
github.com/Oleja123/code-vizualization/cst-to-ast-service/internal/converter/converter.go:789.19,791.6 1 0
github.com/Oleja123/code-vizualization/cst-to-ast-service/internal/converter/converter.go:792.5,792.21 1 0
github.com/Oleja123/code-vizualization/cst-to-ast-service/internal/converter/converter.go:793.11,796.19 2 0
github.com/Oleja123/code-vizualization/cst-to-ast-service/internal/converter/converter.go:796.19,798.6 1 0
github.com/Oleja123/code-vizualization/cst-to-ast-service/internal/converter/converter.go:799.5,803.6 1 0
github.com/Oleja123/code-vizualization/cst-to-ast-service/internal/converter/converter.go:808.2,815.8 1 0
github.com/Oleja123/code-vizualization/cst-to-ast-service/internal/converter/converter.go:818.108,822.46 3 1
github.com/Oleja123/code-vizualization/cst-to-ast-service/internal/converter/converter.go:822.46,825.54 2 1
github.com/Oleja123/code-vizualization/cst-to-ast-service/internal/converter/converter.go:825.54,828.21 2 1
github.com/Oleja123/code-vizualization/cst-to-ast-service/internal/converter/converter.go:828.21,830.5 1 0
github.com/Oleja123/code-vizualization/cst-to-ast-service/internal/converter/converter.go:832.4,834.18 3 1
github.com/Oleja123/code-vizualization/cst-to-ast-service/internal/converter/converter.go:834.18,836.5 1 0
github.com/Oleja123/code-vizualization/cst-to-ast-service/internal/converter/converter.go:840.2,844.8 1 1
github.com/Oleja123/code-vizualization/cst-to-ast-service/internal/converter/converter.go:847.107,850.46 2 1
github.com/Oleja123/code-vizualization/cst-to-ast-service/internal/converter/converter.go:850.46,854.78 2 1
github.com/Oleja123/code-vizualization/cst-to-ast-service/internal/converter/converter.go:854.78,855.12 1 1
github.com/Oleja123/code-vizualization/cst-to-ast-service/internal/converter/converter.go:858.3,859.17 2 1
github.com/Oleja123/code-vizualization/cst-to-ast-service/internal/converter/converter.go:859.17,861.4 1 1
github.com/Oleja123/code-vizualization/cst-to-ast-service/internal/converter/converter.go:863.3,863.18 1 1
github.com/Oleja123/code-vizualization/cst-to-ast-service/internal/converter/converter.go:863.18,865.4 1 1
github.com/Oleja123/code-vizualization/cst-to-ast-service/internal/converter/converter.go:868.2,872.8 1 1
github.com/Oleja123/code-vizualization/cst-to-ast-service/internal/converter/converter.go:875.112,879.46 3 1
github.com/Oleja123/code-vizualization/cst-to-ast-service/internal/converter/converter.go:879.46,882.26 2 1
github.com/Oleja123/code-vizualization/cst-to-ast-service/internal/converter/converter.go:882.26,885.21 2 1
github.com/Oleja123/code-vizualization/cst-to-ast-service/internal/converter/converter.go:885.21,887.5 1 0
github.com/Oleja123/code-vizualization/cst-to-ast-service/internal/converter/converter.go:889.4,891.18 3 1
github.com/Oleja123/code-vizualization/cst-to-ast-service/internal/converter/converter.go:891.18,893.5 1 1
github.com/Oleja123/code-vizualization/cst-to-ast-service/internal/converter/converter.go:897.2,897.17 1 1
github.com/Oleja123/code-vizualization/cst-to-ast-service/internal/converter/converter.go:897.17,899.3 1 0
github.com/Oleja123/code-vizualization/cst-to-ast-service/internal/converter/converter.go:901.2,905.8 1 1
github.com/Oleja123/code-vizualization/cst-to-ast-service/internal/converter/converter.go:910.103,912.51 2 1
github.com/Oleja123/code-vizualization/cst-to-ast-service/internal/converter/converter.go:912.51,914.3 1 0
github.com/Oleja123/code-vizualization/cst-to-ast-service/internal/converter/converter.go:916.2,920.8 1 1
github.com/Oleja123/code-vizualization/cst-to-ast-service/internal/converter/converter.go:923.103,926.16 3 1
github.com/Oleja123/code-vizualization/cst-to-ast-service/internal/converter/converter.go:926.16,928.3 1 0
github.com/Oleja123/code-vizualization/cst-to-ast-service/internal/converter/converter.go:932.2,932.15 1 1
github.com/Oleja123/code-vizualization/cst-to-ast-service/internal/converter/converter.go:932.15,946.3 3 1
github.com/Oleja123/code-vizualization/cst-to-ast-service/internal/converter/converter.go:948.2,952.8 1 1
github.com/Oleja123/code-vizualization/cst-to-ast-service/internal/converter/converter.go:955.109,961.46 5 1
github.com/Oleja123/code-vizualization/cst-to-ast-service/internal/converter/converter.go:961.46,965.32 2 1
github.com/Oleja123/code-vizualization/cst-to-ast-service/internal/converter/converter.go:965.32,966.12 1 1
github.com/Oleja123/code-vizualization/cst-to-ast-service/internal/converter/converter.go:969.3,969.20 1 1
github.com/Oleja123/code-vizualization/cst-to-ast-service/internal/converter/converter.go:970.10,972.18 2 1
github.com/Oleja123/code-vizualization/cst-to-ast-service/internal/converter/converter.go:972.18,974.5 1 0
github.com/Oleja123/code-vizualization/cst-to-ast-service/internal/converter/converter.go:975.4,975.15 1 1
github.com/Oleja123/code-vizualization/cst-to-ast-service/internal/converter/converter.go:976.10,978.61 2 1
github.com/Oleja123/code-vizualization/cst-to-ast-service/internal/converter/converter.go:978.61,980.5 1 0
github.com/Oleja123/code-vizualization/cst-to-ast-service/internal/converter/converter.go:981.10,983.18 2 1
github.com/Oleja123/code-vizualization/cst-to-ast-service/internal/converter/converter.go:983.18,985.5 1 0
github.com/Oleja123/code-vizualization/cst-to-ast-service/internal/converter/converter.go:986.4,986.16 1 1
github.com/Oleja123/code-vizualization/cst-to-ast-service/internal/converter/converter.go:988.3,988.14 1 1
github.com/Oleja123/code-vizualization/cst-to-ast-service/internal/converter/converter.go:991.2,997.8 1 1
github.com/Oleja123/code-vizualization/cst-to-ast-service/internal/converter/converter.go:1000.108,1006.46 5 1
github.com/Oleja123/code-vizualization/cst-to-ast-service/internal/converter/converter.go:1006.46,1010.32 2 1
github.com/Oleja123/code-vizualization/cst-to-ast-service/internal/converter/converter.go:1010.32,1011.12 1 0
github.com/Oleja123/code-vizualization/cst-to-ast-service/internal/converter/converter.go:1014.3,1015.95 1 1
github.com/Oleja123/code-vizualization/cst-to-ast-service/internal/converter/converter.go:1015.95,1018.60 3 1
github.com/Oleja123/code-vizualization/cst-to-ast-service/internal/converter/converter.go:1018.60,1020.5 1 0
github.com/Oleja123/code-vizualization/cst-to-ast-service/internal/converter/converter.go:1021.9,1023.18 2 1
github.com/Oleja123/code-vizualization/cst-to-ast-service/internal/converter/converter.go:1023.18,1025.5 1 0
github.com/Oleja123/code-vizualization/cst-to-ast-service/internal/converter/converter.go:1026.4,1027.20 2 1
github.com/Oleja123/code-vizualization/cst-to-ast-service/internal/converter/converter.go:1032.2,1035.15 2 1
github.com/Oleja123/code-vizualization/cst-to-ast-service/internal/converter/converter.go:1035.15,1036.43 1 1
github.com/Oleja123/code-vizualization/cst-to-ast-service/internal/converter/converter.go:1036.43,1039.4 1 0
github.com/Oleja123/code-vizualization/cst-to-ast-service/internal/converter/converter.go:1046.2,1046.61 1 1
github.com/Oleja123/code-vizualization/cst-to-ast-service/internal/converter/converter.go:1046.61,1047.26 1 1
github.com/Oleja123/code-vizualization/cst-to-ast-service/internal/converter/converter.go:1047.26,1050.4 1 1
github.com/Oleja123/code-vizualization/cst-to-ast-service/internal/converter/converter.go:1053.2,1059.8 1 1
github.com/Oleja123/code-vizualization/cst-to-ast-service/internal/converter/converter.go:1062.113,1068.46 5 1
github.com/Oleja123/code-vizualization/cst-to-ast-service/internal/converter/converter.go:1068.46,1071.32 2 1
github.com/Oleja123/code-vizualization/cst-to-ast-service/internal/converter/converter.go:1071.32,1072.12 1 0
github.com/Oleja123/code-vizualization/cst-to-ast-service/internal/converter/converter.go:1075.3,1075.43 1 1
github.com/Oleja123/code-vizualization/cst-to-ast-service/internal/converter/converter.go:1075.43,1077.65 2 1
github.com/Oleja123/code-vizualization/cst-to-ast-service/internal/converter/converter.go:1077.65,1079.5 1 0
github.com/Oleja123/code-vizualization/cst-to-ast-service/internal/converter/converter.go:1080.4,1080.12 1 1
github.com/Oleja123/code-vizualization/cst-to-ast-service/internal/converter/converter.go:1083.3,1083.18 1 1
github.com/Oleja123/code-vizualization/cst-to-ast-service/internal/converter/converter.go:1083.18,1086.18 3 1
github.com/Oleja123/code-vizualization/cst-to-ast-service/internal/converter/converter.go:1086.18,1088.5 1 0
github.com/Oleja123/code-vizualization/cst-to-ast-service/internal/converter/converter.go:1089.4,1089.15 1 1
github.com/Oleja123/code-vizualization/cst-to-ast-service/internal/converter/converter.go:1090.9,1093.21 2 1
github.com/Oleja123/code-vizualization/cst-to-ast-service/internal/converter/converter.go:1093.21,1095.5 1 0
github.com/Oleja123/code-vizualization/cst-to-ast-service/internal/converter/converter.go:1097.4,1098.18 2 1
github.com/Oleja123/code-vizualization/cst-to-ast-service/internal/converter/converter.go:1098.18,1100.5 1 0
github.com/Oleja123/code-vizualization/cst-to-ast-service/internal/converter/converter.go:1101.4,1101.16 1 1
github.com/Oleja123/code-vizualization/cst-to-ast-service/internal/converter/converter.go:1105.2,1105.20 1 1
github.com/Oleja123/code-vizualization/cst-to-ast-service/internal/converter/converter.go:1105.20,1107.3 1 0
github.com/Oleja123/code-vizualization/cst-to-ast-service/internal/converter/converter.go:1110.2,1110.17 1 1
github.com/Oleja123/code-vizualization/cst-to-ast-service/internal/converter/converter.go:1110.17,1112.3 1 0
github.com/Oleja123/code-vizualization/cst-to-ast-service/internal/converter/converter.go:1113.2,1113.18 1 1
github.com/Oleja123/code-vizualization/cst-to-ast-service/internal/converter/converter.go:1113.18,1115.3 1 0
github.com/Oleja123/code-vizualization/cst-to-ast-service/internal/converter/converter.go:1118.2,1118.22 1 1
github.com/Oleja123/code-vizualization/cst-to-ast-service/internal/converter/converter.go:1118.22,1120.3 1 1
github.com/Oleja123/code-vizualization/cst-to-ast-service/internal/converter/converter.go:1122.2,1128.8 1 1
github.com/Oleja123/code-vizualization/cst-to-ast-service/internal/converter/converter.go:1131.107,1136.46 4 1
github.com/Oleja123/code-vizualization/cst-to-ast-service/internal/converter/converter.go:1136.46,1139.35 2 1
github.com/Oleja123/code-vizualization/cst-to-ast-service/internal/converter/converter.go:1139.35,1140.23 1 1
github.com/Oleja123/code-vizualization/cst-to-ast-service/internal/converter/converter.go:1140.23,1142.5 1 0
github.com/Oleja123/code-vizualization/cst-to-ast-service/internal/converter/converter.go:1143.4,1144.26 2 1
github.com/Oleja123/code-vizualization/cst-to-ast-service/internal/converter/converter.go:1145.9,1145.45 1 1
github.com/Oleja123/code-vizualization/cst-to-ast-service/internal/converter/converter.go:1145.45,1147.49 1 1
github.com/Oleja123/code-vizualization/cst-to-ast-service/internal/converter/converter.go:1147.49,1150.68 2 1
github.com/Oleja123/code-vizualization/cst-to-ast-service/internal/converter/converter.go:1150.68,1152.20 2 1
github.com/Oleja123/code-vizualization/cst-to-ast-service/internal/converter/converter.go:1152.20,1154.7 1 0
github.com/Oleja123/code-vizualization/cst-to-ast-service/internal/converter/converter.go:1155.6,1155.41 1 1
github.com/Oleja123/code-vizualization/cst-to-ast-service/internal/converter/converter.go:1162.2,1162.20 1 1
github.com/Oleja123/code-vizualization/cst-to-ast-service/internal/converter/converter.go:1162.20,1164.3 1 0
github.com/Oleja123/code-vizualization/cst-to-ast-service/internal/converter/converter.go:1166.2,1171.8 1 1
github.com/Oleja123/code-vizualization/cst-to-ast-service/internal/converter/converter.go:1174.114,1178.46 3 1
github.com/Oleja123/code-vizualization/cst-to-ast-service/internal/converter/converter.go:1178.46,1181.13 2 1
github.com/Oleja123/code-vizualization/cst-to-ast-service/internal/converter/converter.go:1181.13,1183.18 2 1
github.com/Oleja123/code-vizualization/cst-to-ast-service/internal/converter/converter.go:1183.18,1185.5 1 0
github.com/Oleja123/code-vizualization/cst-to-ast-service/internal/converter/converter.go:1186.4,1186.16 1 1
github.com/Oleja123/code-vizualization/cst-to-ast-service/internal/converter/converter.go:1187.9,1187.56 1 1
github.com/Oleja123/code-vizualization/cst-to-ast-service/internal/converter/converter.go:1187.56,1189.18 2 1
github.com/Oleja123/code-vizualization/cst-to-ast-service/internal/converter/converter.go:1189.18,1191.5 1 0
github.com/Oleja123/code-vizualization/cst-to-ast-service/internal/converter/converter.go:1192.4,1192.16 1 1
github.com/Oleja123/code-vizualization/cst-to-ast-service/internal/converter/converter.go:1196.2,1201.8 1 1
github.com/Oleja123/code-vizualization/cst-to-ast-service/internal/converter/converter.go:1204.112,1207.46 2 1
github.com/Oleja123/code-vizualization/cst-to-ast-service/internal/converter/converter.go:1207.46,1210.101 2 1
github.com/Oleja123/code-vizualization/cst-to-ast-service/internal/converter/converter.go:1210.101,1212.18 2 1
github.com/Oleja123/code-vizualization/cst-to-ast-service/internal/converter/converter.go:1212.18,1214.5 1 0
github.com/Oleja123/code-vizualization/cst-to-ast-service/internal/converter/converter.go:1215.4,1215.37 1 1
github.com/Oleja123/code-vizualization/cst-to-ast-service/internal/converter/converter.go:1220.2,1220.24 1 1
github.com/Oleja123/code-vizualization/cst-to-ast-service/internal/converter/converter.go:1220.24,1222.3 1 1
github.com/Oleja123/code-vizualization/cst-to-ast-service/internal/converter/converter.go:1224.2,1228.8 1 1
github.com/Oleja123/code-vizualization/cst-to-ast-service/internal/converter/converter.go:1232.60,1233.16 1 1
github.com/Oleja123/code-vizualization/cst-to-ast-service/internal/converter/converter.go:1233.16,1235.3 1 0
github.com/Oleja123/code-vizualization/cst-to-ast-service/internal/converter/converter.go:1238.2,1241.21 2 1
github.com/Oleja123/code-vizualization/cst-to-ast-service/internal/converter/converter.go:1241.21,1244.3 1 0
github.com/Oleja123/code-vizualization/cst-to-ast-service/internal/converter/converter.go:1247.2,1247.26 1 1
github.com/Oleja123/code-vizualization/cst-to-ast-service/internal/converter/converter.go:1247.26,1251.15 1 1
github.com/Oleja123/code-vizualization/cst-to-ast-service/internal/converter/converter.go:1251.15,1254.4 1 0
github.com/Oleja123/code-vizualization/cst-to-ast-service/internal/converter/converter.go:1257.2,1257.12 1 1
github.com/Oleja123/code-vizualization/cst-to-ast-service/internal/converter/converter.go:1261.68,1283.35 2 1
github.com/Oleja123/code-vizualization/cst-to-ast-service/internal/converter/converter.go:1283.35,1286.3 1 0
github.com/Oleja123/code-vizualization/cst-to-ast-service/internal/converter/converter.go:1287.2,1287.12 1 1
github.com/Oleja123/code-vizualization/cst-to-ast-service/internal/converter/converter.go:1291.67,1303.34 2 1
github.com/Oleja123/code-vizualization/cst-to-ast-service/internal/converter/converter.go:1303.34,1306.3 1 0
github.com/Oleja123/code-vizualization/cst-to-ast-service/internal/converter/converter.go:1307.2,1307.12 1 1
github.com/Oleja123/code-vizualization/cst-to-ast-service/internal/converter/converter.go:1310.66,1314.2 1 1
github.com/Oleja123/code-vizualization/cst-to-ast-service/internal/converter/converter.go:1316.72,1330.39 2 1
github.com/Oleja123/code-vizualization/cst-to-ast-service/internal/converter/converter.go:1330.39,1333.3 1 0
github.com/Oleja123/code-vizualization/cst-to-ast-service/internal/converter/converter.go:1334.2,1334.12 1 1
github.com/Oleja123/code-vizualization/cst-to-ast-service/internal/converter/errors.go:42.41,43.20 1 1
github.com/Oleja123/code-vizualization/cst-to-ast-service/internal/converter/errors.go:43.20,45.3 1 1
github.com/Oleja123/code-vizualization/cst-to-ast-service/internal/converter/errors.go:46.2,46.49 1 1
github.com/Oleja123/code-vizualization/cst-to-ast-service/internal/converter/errors.go:49.41,49.59 1 0
github.com/Oleja123/code-vizualization/cst-to-ast-service/internal/converter/errors.go:51.104,54.17 3 1
github.com/Oleja123/code-vizualization/cst-to-ast-service/internal/converter/errors.go:54.17,62.3 2 1
github.com/Oleja123/code-vizualization/cst-to-ast-service/internal/converter/errors.go:64.2,70.3 1 1
